<?xml version="1.0" encoding="UTF-8"?>
<!-- Generated by org.testng.reporters.JUnitXMLReporter -->
<testsuite hostname="Admins-MacBook-Pro.local" ignored="0" tests="6" failures="0" timestamp="09 Dec 2019 06:39:18 GMT" time="31.714" errors="0">
  <testcase name="testError_EmailBlank_ForgotPwd" time="5.475" classname="Error_BlankEmail_ForgotPwd"/>
  <testcase name="testForgotPassword" time="5.101" classname="TestForgotPassword"/>
  <testcase name="testInvalidUser" time="3.888" classname="TestInvalidUserPassword"/>
  <testcase name="testLoginExisting" time="5.002" classname="TestLoginExistingUser"/>
  <testcase name="testSearchProduct" time="6.759" classname="TestSearchProduct"/>
  <testcase name="testLogout" time="5.455" classname="TestSignout"/>
</testsuite>
